2023-11-06 10:04:30.035 [main] INFO  Freerouting v1.7.0 (build-date: 2023-02-08)
2023-11-06 10:04:30.037 [main] DEBUG  Version: 1.7.0,2023-02-08
2023-11-06 10:04:30.039 [main] DEBUG  Command line arguments: '-h'
2023-11-06 10:04:30.040 [main] DEBUG  Architecture: Linux,amd64,5.15.0-76-generic
2023-11-06 10:04:30.041 [main] DEBUG  Java: 17.0.6,Eclipse Adoptium
2023-11-06 10:04:30.041 [main] DEBUG  System Language: en,en_US
2023-11-06 10:04:30.043 [main] DEBUG  Hardware: 4 CPU cores,3912 MB RAM
2023-11-06 10:04:30.054 [main] DEBUG  UTC Time: 2023-11-06T18:04:30.044283116Z
2023-11-06 10:04:30.056 [main] DEBUG  GUI Language: en_US
2023-11-06 10:04:54.746 [main] INFO  Freerouting v1.7.0 (build-date: 2023-02-08)
2023-11-06 10:04:54.748 [main] DEBUG  Version: 1.7.0,2023-02-08
2023-11-06 10:04:54.750 [main] DEBUG  Command line arguments: '-de uv_abc_sensor.dsn -us hybrid'
2023-11-06 10:04:54.751 [main] DEBUG  Architecture: Linux,amd64,5.15.0-76-generic
2023-11-06 10:04:54.752 [main] DEBUG  Java: 17.0.6,Eclipse Adoptium
2023-11-06 10:04:54.753 [main] DEBUG  System Language: en,en_US
2023-11-06 10:04:54.755 [main] DEBUG  Hardware: 4 CPU cores,3912 MB RAM
2023-11-06 10:04:54.769 [main] DEBUG  UTC Time: 2023-11-06T18:04:54.755942011Z
2023-11-06 10:04:54.772 [main] DEBUG  GUI Language: en_US
2023-11-06 10:04:54.778 [main] INFO  Opening 'uv_abc_sensor.dsn'...
2023-11-06 10:04:56.370 [main] INFO  Opening 'uv_abc_sensor.rules'...
2023-11-06 10:04:56.371 [main] ERROR File 'uv_abc_sensor.rules' was not found.
2023-11-06 10:04:56.584 [main] TRACE Method 'MainApplication.main()' was performed in 1.95 seconds.
2023-11-06 10:04:58.397 [Thread-0] INFO  Starting auto-routing...
2023-11-06 10:04:59.429 [Thread-0] TRACE Method 'BatchAutorouter.autoroute_pass #1 on board '8f3f45219a63a67ab07c0426311e1750' making 13 changes' was performed in 0.91 seconds.
2023-11-06 10:04:59.787 [Thread-0] TRACE Method 'BatchAutorouter.autoroute_pass #2 on board 'e17ffe41e57618336a2cf650179b9c6a' making 14 changes' was performed in 0.34 seconds.
2023-11-06 10:05:00.101 [Thread-0] TRACE Method 'BatchAutorouter.autoroute_pass #3 on board '5a3b6545ec3a0f14c59742f3c8ccfd04' making 12 changes' was performed in 0.30 seconds.
2023-11-06 10:05:00.406 [Thread-0] TRACE Method 'BatchAutorouter.autoroute_pass #4 on board '648b1af4a7d807edbbfa1f79848b734d' making 8 changes' was performed in 0.29 seconds.
2023-11-06 10:05:00.750 [Thread-0] TRACE Method 'BatchAutorouter.autoroute_pass #5 on board 'b642a8eddc51db956fd14bde58f11943' making 10 changes' was performed in 0.33 seconds.
2023-11-06 10:05:01.042 [Thread-0] TRACE Method 'BatchAutorouter.autoroute_pass #6 on board '70b19ea211f8673e360eb92466954d38' making 6 changes' was performed in 0.28 seconds.
2023-11-06 10:05:01.230 [Thread-0] TRACE Method 'BatchAutorouter.autoroute_pass #7 on board '4163ba54c876ac0ff35e94dc3b2c6351' making 0 changes' was performed in 0.17 seconds.
2023-11-06 10:05:01.233 [Thread-0] TRACE Method 'BatchAutorouterThread.thread_action()-autorouting' was performed in 2.83 seconds.
2023-11-06 10:05:01.234 [Thread-0] INFO  Auto-routing was completed in 2.83 seconds.
2023-11-06 10:05:01.234 [Thread-0] INFO  Starting route optimization on 1 thread...
2023-11-06 10:05:01.291 [Thread-0] TRACE Method 'BatchOptRoute.opt_route_pass #1 with 13 vias and 253,821.36 trace length.' was performed in 0.05 seconds.
2023-11-06 10:05:01.328 [Thread-0] TRACE Method 'BatchOptRoute.opt_route_pass #2 with 13 vias and 253,821.36 trace length.' was performed in 0.04 seconds.
2023-11-06 10:05:01.329 [Thread-0] TRACE Method 'BatchAutorouterThread.thread_action()-routeoptimization' was performed in 0.09 seconds.
2023-11-06 10:05:01.330 [Thread-0] INFO  Route optimization was completed in 0.09 seconds.
2023-11-06 10:05:01.338 [Thread-0] TRACE Method 'BatchAutorouterThread.thread_action()' was performed in 2.94 seconds.
2023-11-06 10:05:19.149 [AWT-EventQueue-0] INFO  Saving 'uv_abc_sensor.ses'...
